<?xml version="1.0" encoding="utf-8"?>
<coverage line-rate="0.613" branch-rate="0.44" version="1.9" timestamp="1594537100" lines-covered="263" lines-valid="429" branches-covered="22" branches-valid="50">
  <sources>
    <source>c:\Users\Thanh Tran\github\thanhnht\amazing-shop\src\</source>
  </sources>
  <packages>
    <package name="AmazingShop.Product.Api" line-rate="0.7938" branch-rate="0.6666" complexity="24">
      <classes>
        <class name="AmazingShop.Product.Program" filename="api\product-service\src\AmazingShop.Product.Api\Program.cs" line-rate="0.625" branch-rate="1" complexity="3">
          <methods>
            <method name="Main" signature="(System.String[])" line-rate="0" branch-rate="1">
              <lines>
                <line number="9" hits="0" branch="False" />
                <line number="10" hits="0" branch="False" />
                <line number="11" hits="0" branch="False" />
              </lines>
            </method>
            <method name="CreateHostBuilder" signature="(System.String[])" line-rate="1" branch-rate="1">
              <lines>
                <line number="14" hits="1" branch="True" condition-coverage="100% (2/2)">
                  <conditions>
                    <condition number="12" type="jump" coverage="100%" />
                  </conditions>
                </line>
                <line number="15" hits="1" branch="False" />
                <line number="16" hits="2" branch="False" />
                <line number="17" hits="2" branch="False" />
                <line number="18" hits="2" branch="False" />
              </lines>
            </method>
          </methods>
          <lines>
            <line number="9" hits="0" branch="False" />
            <line number="10" hits="0" branch="False" />
            <line number="11" hits="0" branch="False" />
            <line number="14" hits="1" branch="True" condition-coverage="100% (2/2)">
              <conditions>
                <condition number="12" type="jump" coverage="100%" />
              </conditions>
            </line>
            <line number="15" hits="1" branch="False" />
            <line number="16" hits="2" branch="False" />
            <line number="17" hits="2" branch="False" />
            <line number="18" hits="2" branch="False" />
          </lines>
        </class>
        <class name="AmazingShop.Product.Startup" filename="api\product-service\src\AmazingShop.Product.Api\Startup.cs" line-rate="1" branch-rate="0.8332999999999999" complexity="9">
          <methods>
            <method name="get_Configuration" signature="()" line-rate="1" branch-rate="1">
              <lines>
                <line number="20" hits="2" branch="False" />
              </lines>
            </method>
            <method name="ConfigureServices" signature="(Microsoft.Extensions.DependencyInjection.IServiceCollection)" line-rate="1" branch-rate="1">
              <lines>
                <line number="24" hits="1" branch="False" />
                <line number="25" hits="1" branch="False" />
                <line number="26" hits="1" branch="False" />
                <line number="27" hits="1" branch="False" />
                <line number="28" hits="1" branch="False" />
                <line number="29" hits="1" branch="False" />
                <line number="30" hits="2" branch="False" />
                <line number="31" hits="2" branch="False" />
                <line number="32" hits="2" branch="False" />
                <line number="33" hits="2" branch="False" />
                <line number="34" hits="2" branch="False" />
                <line number="35" hits="3" branch="False" />
                <line number="36" hits="3" branch="False" />
                <line number="37" hits="3" branch="False" />
                <line number="38" hits="3" branch="False" />
                <line number="39" hits="3" branch="False" />
                <line number="40" hits="3" branch="False" />
                <line number="41" hits="3" branch="False" />
                <line number="42" hits="3" branch="False" />
                <line number="43" hits="1" branch="False" />
              </lines>
            </method>
            <method name="Configure" signature="(Microsoft.AspNetCore.Builder.IApplicationBuilder,Microsoft.AspNetCore.Hosting.IWebHostEnvironment)" line-rate="1" branch-rate="1">
              <lines>
                <line number="47" hits="1" branch="False" />
                <line number="48" hits="1" branch="True" condition-coverage="100% (2/2)">
                  <conditions>
                    <condition number="9" type="jump" coverage="100%" />
                  </conditions>
                </line>
                <line number="49" hits="1" branch="False" />
                <line number="50" hits="1" branch="False" />
                <line number="51" hits="1" branch="False" />
                <line number="53" hits="1" branch="False" />
                <line number="55" hits="1" branch="False" />
                <line number="56" hits="1" branch="False" />
                <line number="57" hits="1" branch="False" />
                <line number="58" hits="1" branch="False" />
                <line number="60" hits="1" branch="True" condition-coverage="100% (2/2)">
                  <conditions>
                    <condition number="67" type="jump" coverage="100%" />
                  </conditions>
                </line>
                <line number="61" hits="2" branch="False" />
                <line number="62" hits="2" branch="False" />
                <line number="63" hits="2" branch="False" />
                <line number="64" hits="1" branch="False" />
              </lines>
            </method>
            <method name=".ctor" signature="(Microsoft.Extensions.Configuration.IConfiguration)" line-rate="1" branch-rate="1">
              <lines>
                <line number="15" hits="1" branch="False" />
                <line number="16" hits="1" branch="False" />
                <line number="17" hits="1" branch="False" />
                <line number="18" hits="1" branch="False" />
              </lines>
            </method>
          </methods>
          <lines>
            <line number="20" hits="2" branch="False" />
            <line number="24" hits="1" branch="False" />
            <line number="25" hits="1" branch="False" />
            <line number="26" hits="1" branch="False" />
            <line number="27" hits="1" branch="False" />
            <line number="28" hits="1" branch="False" />
            <line number="29" hits="1" branch="False" />
            <line number="30" hits="2" branch="False" />
            <line number="31" hits="2" branch="False" />
            <line number="32" hits="2" branch="False" />
            <line number="33" hits="2" branch="False" />
            <line number="34" hits="2" branch="False" />
            <line number="35" hits="3" branch="False" />
            <line number="36" hits="3" branch="False" />
            <line number="37" hits="3" branch="False" />
            <line number="38" hits="3" branch="False" />
            <line number="39" hits="3" branch="False" />
            <line number="40" hits="3" branch="False" />
            <line number="41" hits="3" branch="False" />
            <line number="42" hits="3" branch="False" />
            <line number="43" hits="1" branch="False" />
            <line number="47" hits="1" branch="False" />
            <line number="48" hits="1" branch="True" condition-coverage="100% (2/2)">
              <conditions>
                <condition number="9" type="jump" coverage="100%" />
              </conditions>
            </line>
            <line number="49" hits="1" branch="False" />
            <line number="50" hits="1" branch="False" />
            <line number="51" hits="1" branch="False" />
            <line number="53" hits="1" branch="False" />
            <line number="55" hits="1" branch="False" />
            <line number="56" hits="1" branch="False" />
            <line number="57" hits="1" branch="False" />
            <line number="58" hits="1" branch="False" />
            <line number="60" hits="1" branch="True" condition-coverage="100% (2/2)">
              <conditions>
                <condition number="67" type="jump" coverage="100%" />
              </conditions>
            </line>
            <line number="61" hits="2" branch="False" />
            <line number="62" hits="2" branch="False" />
            <line number="63" hits="2" branch="False" />
            <line number="64" hits="1" branch="False" />
            <line number="15" hits="1" branch="False" />
            <line number="16" hits="1" branch="False" />
            <line number="17" hits="1" branch="False" />
            <line number="18" hits="1" branch="False" />
          </lines>
        </class>
        <class name="AmazingShop.Product.Controller.ProductsController" filename="api\product-service\src\AmazingShop.Product.Api\Controllers\ProductsController.cs" line-rate="1" branch-rate="1" complexity="1">
          <methods>
            <method name=".ctor" signature="(MediatR.IMediator,Microsoft.Extensions.Logging.ILogger`1&lt;AmazingShop.Product.Controller.ProductsController&gt;)" line-rate="1" branch-rate="1">
              <lines>
                <line number="19" hits="3" branch="False" />
                <line number="20" hits="3" branch="False" />
                <line number="21" hits="3" branch="False" />
                <line number="22" hits="3" branch="False" />
                <line number="23" hits="3" branch="False" />
              </lines>
            </method>
          </methods>
          <lines>
            <line number="19" hits="3" branch="False" />
            <line number="20" hits="3" branch="False" />
            <line number="21" hits="3" branch="False" />
            <line number="22" hits="3" branch="False" />
            <line number="23" hits="3" branch="False" />
          </lines>
        </class>
        <class name="AmazingShop.Product.Controller.ProductsController/&lt;GetAllProductAsync&gt;d__3" filename="api\product-service\src\AmazingShop.Product.Api\Controllers\ProductsController.cs" line-rate="1" branch-rate="1" complexity="1">
          <methods>
            <method name="MoveNext" signature="()" line-rate="1" branch-rate="1">
              <lines>
                <line number="27" hits="1" branch="False" />
                <line number="28" hits="1" branch="False" />
                <line number="29" hits="1" branch="False" />
                <line number="30" hits="1" branch="False" />
                <line number="31" hits="1" branch="False" />
              </lines>
            </method>
          </methods>
          <lines>
            <line number="27" hits="1" branch="False" />
            <line number="28" hits="1" branch="False" />
            <line number="29" hits="1" branch="False" />
            <line number="30" hits="1" branch="False" />
            <line number="31" hits="1" branch="False" />
          </lines>
        </class>
        <class name="AmazingShop.Product.Controller.ProductsController/&lt;GetProductByIdAsync&gt;d__4" filename="api\product-service\src\AmazingShop.Product.Api\Controllers\ProductsController.cs" line-rate="0.7777" branch-rate="0.5" complexity="2">
          <methods>
            <method name="MoveNext" signature="()" line-rate="0.7777" branch-rate="0.5">
              <lines>
                <line number="35" hits="1" branch="False" />
                <line number="36" hits="1" branch="False" />
                <line number="37" hits="1" branch="False" />
                <line number="38" hits="1" branch="True" condition-coverage="50% (1/2)">
                  <conditions>
                    <condition number="191" type="jump" coverage="50%" />
                  </conditions>
                </line>
                <line number="39" hits="1" branch="False" />
                <line number="40" hits="1" branch="False" />
                <line number="43" hits="0" branch="False" />
                <line number="44" hits="0" branch="False" />
                <line number="46" hits="1" branch="False" />
              </lines>
            </method>
          </methods>
          <lines>
            <line number="35" hits="1" branch="False" />
            <line number="36" hits="1" branch="False" />
            <line number="37" hits="1" branch="False" />
            <line number="38" hits="1" branch="True" condition-coverage="50% (1/2)">
              <conditions>
                <condition number="191" type="jump" coverage="50%" />
              </conditions>
            </line>
            <line number="39" hits="1" branch="False" />
            <line number="40" hits="1" branch="False" />
            <line number="43" hits="0" branch="False" />
            <line number="44" hits="0" branch="False" />
            <line number="46" hits="1" branch="False" />
          </lines>
        </class>
        <class name="AmazingShop.Product.Controller.ProductsController/&lt;UploadProductImageAsync&gt;d__5" filename="api\product-service\src\AmazingShop.Product.Api\Controllers\ProductsController.cs" line-rate="0" branch-rate="0" complexity="2">
          <methods>
            <method name="MoveNext" signature="()" line-rate="0" branch-rate="0">
              <lines>
                <line number="50" hits="0" branch="True" condition-coverage="0% (0/2)">
                  <conditions>
                    <condition number="14" type="jump" coverage="0%" />
                  </conditions>
                </line>
                <line number="51" hits="0" branch="False" />
                <line number="52" hits="0" branch="False" />
                <line number="53" hits="0" branch="False" />
                <line number="54" hits="0" branch="False" />
                <line number="55" hits="0" branch="False" />
                <line number="56" hits="0" branch="False" />
                <line number="57" hits="0" branch="False" />
              </lines>
            </method>
          </methods>
          <lines>
            <line number="50" hits="0" branch="True" condition-coverage="0% (0/2)">
              <conditions>
                <condition number="14" type="jump" coverage="0%" />
              </conditions>
            </line>
            <line number="51" hits="0" branch="False" />
            <line number="52" hits="0" branch="False" />
            <line number="53" hits="0" branch="False" />
            <line number="54" hits="0" branch="False" />
            <line number="55" hits="0" branch="False" />
            <line number="56" hits="0" branch="False" />
            <line number="57" hits="0" branch="False" />
          </lines>
        </class>
        <class name="AmazingShop.Product.Controller.ProductsController/&lt;UpdateProductAsync&gt;d__6" filename="api\product-service\src\AmazingShop.Product.Api\Controllers\ProductsController.cs" line-rate="0" branch-rate="1" complexity="1">
          <methods>
            <method name="MoveNext" signature="()" line-rate="0" branch-rate="1">
              <lines>
                <line number="60" hits="0" branch="False" />
                <line number="61" hits="0" branch="False" />
                <line number="62" hits="0" branch="False" />
                <line number="63" hits="0" branch="False" />
                <line number="64" hits="0" branch="False" />
              </lines>
            </method>
          </methods>
          <lines>
            <line number="60" hits="0" branch="False" />
            <line number="61" hits="0" branch="False" />
            <line number="62" hits="0" branch="False" />
            <line number="63" hits="0" branch="False" />
            <line number="64" hits="0" branch="False" />
          </lines>
        </class>
        <class name="AmazingShop.Product.Controller.ProductModel" filename="api\product-service\src\AmazingShop.Product.Api\Controllers\ProductsController.cs" line-rate="0" branch-rate="1" complexity="2">
          <methods>
            <method name="get_Id" signature="()" line-rate="0" branch-rate="1">
              <lines>
                <line number="68" hits="0" branch="False" />
              </lines>
            </method>
            <method name="get_Name" signature="()" line-rate="0" branch-rate="1">
              <lines>
                <line number="69" hits="0" branch="False" />
              </lines>
            </method>
          </methods>
          <lines>
            <line number="68" hits="0" branch="False" />
            <line number="69" hits="0" branch="False" />
          </lines>
        </class>
        <class name="AmazingShop.Product.Controller.ResourcesController" filename="api\product-service\src\AmazingShop.Product.Api\Controllers\ResourcesController.cs" line-rate="1" branch-rate="1" complexity="1">
          <methods>
            <method name=".ctor" signature="(MediatR.IMediator,Microsoft.Extensions.Logging.ILogger`1&lt;AmazingShop.Product.Controller.ResourcesController&gt;)" line-rate="1" branch-rate="1">
              <lines>
                <line number="17" hits="2" branch="False" />
                <line number="18" hits="2" branch="False" />
                <line number="19" hits="2" branch="False" />
                <line number="20" hits="2" branch="False" />
                <line number="21" hits="2" branch="False" />
              </lines>
            </method>
          </methods>
          <lines>
            <line number="17" hits="2" branch="False" />
            <line number="18" hits="2" branch="False" />
            <line number="19" hits="2" branch="False" />
            <line number="20" hits="2" branch="False" />
            <line number="21" hits="2" branch="False" />
          </lines>
        </class>
        <class name="AmazingShop.Product.Controller.ResourcesController/&lt;GetAllResourcesAsync&gt;d__3" filename="api\product-service\src\AmazingShop.Product.Api\Controllers\ResourcesController.cs" line-rate="1" branch-rate="1" complexity="1">
          <methods>
            <method name="MoveNext" signature="()" line-rate="1" branch-rate="1">
              <lines>
                <line number="25" hits="1" branch="False" />
                <line number="26" hits="1" branch="False" />
                <line number="27" hits="1" branch="False" />
                <line number="28" hits="1" branch="False" />
                <line number="29" hits="1" branch="False" />
              </lines>
            </method>
          </methods>
          <lines>
            <line number="25" hits="1" branch="False" />
            <line number="26" hits="1" branch="False" />
            <line number="27" hits="1" branch="False" />
            <line number="28" hits="1" branch="False" />
            <line number="29" hits="1" branch="False" />
          </lines>
        </class>
        <class name="AmazingShop.Product.Controller.ResourcesController/&lt;GetResourceByIdAsync&gt;d__4" filename="api\product-service\src\AmazingShop.Product.Api\Controllers\ResourcesController.cs" line-rate="1" branch-rate="1" complexity="1">
          <methods>
            <method name="MoveNext" signature="()" line-rate="1" branch-rate="1">
              <lines>
                <line number="33" hits="1" branch="False" />
                <line number="34" hits="1" branch="False" />
                <line number="35" hits="1" branch="False" />
                <line number="36" hits="1" branch="False" />
                <line number="37" hits="1" branch="False" />
              </lines>
            </method>
          </methods>
          <lines>
            <line number="33" hits="1" branch="False" />
            <line number="34" hits="1" branch="False" />
            <line number="35" hits="1" branch="False" />
            <line number="36" hits="1" branch="False" />
            <line number="37" hits="1" branch="False" />
          </lines>
        </class>
      </classes>
    </package>
    <package name="AmazingShop.Product.Application" line-rate="0.6193" branch-rate="0.5714" complexity="67">
      <classes>
        <class name="AmazingShop.Product.Application.BaseDto`1" filename="api\product-service\src\AmazingShop.Product.Application\BaseModels\BaseDto.cs" line-rate="1" branch-rate="1" complexity="2">
          <methods>
            <method name="get_Id" signature="()" line-rate="1" branch-rate="1">
              <lines>
                <line number="5" hits="48" branch="False" />
              </lines>
            </method>
            <method name="get_Name" signature="()" line-rate="1" branch-rate="1">
              <lines>
                <line number="6" hits="48" branch="False" />
              </lines>
            </method>
          </methods>
          <lines>
            <line number="5" hits="48" branch="False" />
            <line number="6" hits="48" branch="False" />
          </lines>
        </class>
        <class name="AmazingShop.Product.Application.BaseResponseDto`1" filename="api\product-service\src\AmazingShop.Product.Application\BaseModels\BaseResponseDto.cs" line-rate="0" branch-rate="1" complexity="2">
          <methods>
            <method name="get_IsSuccess" signature="()" line-rate="0" branch-rate="1">
              <lines>
                <line number="5" hits="0" branch="False" />
              </lines>
            </method>
            <method name="get_Payload" signature="()" line-rate="0" branch-rate="1">
              <lines>
                <line number="6" hits="0" branch="False" />
              </lines>
            </method>
          </methods>
          <lines>
            <line number="5" hits="0" branch="False" />
            <line number="6" hits="0" branch="False" />
          </lines>
        </class>
        <class name="AmazingShop.Product.Application.Resource.Dto.GetAllResourceDto" filename="api\product-service\src\AmazingShop.Product.Application\Resources\Models\GetAllResourceDto.cs" line-rate="1" branch-rate="1" complexity="2">
          <methods>
            <method name="get_Projection" signature="()" line-rate="1" branch-rate="1">
              <lines>
                <line number="11" hits="8" branch="False" />
                <line number="12" hits="8" branch="False" />
                <line number="13" hits="8" branch="False" />
                <line number="14" hits="8" branch="False" />
                <line number="15" hits="8" branch="False" />
                <line number="16" hits="8" branch="False" />
                <line number="17" hits="8" branch="False" />
              </lines>
            </method>
            <method name="Create" signature="(AmazingShop.Product.Domain.Entity.Resource)" line-rate="1" branch-rate="1">
              <lines>
                <line number="21" hits="8" branch="False" />
                <line number="22" hits="8" branch="False" />
                <line number="23" hits="8" branch="False" />
              </lines>
            </method>
          </methods>
          <lines>
            <line number="11" hits="8" branch="False" />
            <line number="12" hits="8" branch="False" />
            <line number="13" hits="8" branch="False" />
            <line number="14" hits="8" branch="False" />
            <line number="15" hits="8" branch="False" />
            <line number="16" hits="8" branch="False" />
            <line number="17" hits="8" branch="False" />
            <line number="21" hits="8" branch="False" />
            <line number="22" hits="8" branch="False" />
            <line number="23" hits="8" branch="False" />
          </lines>
        </class>
        <class name="AmazingShop.Product.Application.Resource.Dto.GetCategoryDetailDto" filename="api\product-service\src\AmazingShop.Product.Application\Resources\Models\GetCategoryDetailDto.cs" line-rate="1" branch-rate="1" complexity="2">
          <methods>
            <method name="get_Projection" signature="()" line-rate="1" branch-rate="1">
              <lines>
                <line number="11" hits="7" branch="False" />
                <line number="12" hits="7" branch="False" />
                <line number="13" hits="7" branch="False" />
                <line number="14" hits="7" branch="False" />
                <line number="15" hits="7" branch="False" />
                <line number="16" hits="7" branch="False" />
                <line number="17" hits="7" branch="False" />
              </lines>
            </method>
            <method name="Create" signature="(AmazingShop.Product.Domain.Entity.Category)" line-rate="1" branch-rate="1">
              <lines>
                <line number="21" hits="7" branch="False" />
                <line number="22" hits="7" branch="False" />
                <line number="23" hits="7" branch="False" />
              </lines>
            </method>
          </methods>
          <lines>
            <line number="11" hits="7" branch="False" />
            <line number="12" hits="7" branch="False" />
            <line number="13" hits="7" branch="False" />
            <line number="14" hits="7" branch="False" />
            <line number="15" hits="7" branch="False" />
            <line number="16" hits="7" branch="False" />
            <line number="17" hits="7" branch="False" />
            <line number="21" hits="7" branch="False" />
            <line number="22" hits="7" branch="False" />
            <line number="23" hits="7" branch="False" />
          </lines>
        </class>
        <class name="AmazingShop.Product.Application.Resource.Dto.GetResourceDetailDto" filename="api\product-service\src\AmazingShop.Product.Application\Resources\Models\GetResourceDetailDto.cs" line-rate="1" branch-rate="1" complexity="3">
          <methods>
            <method name="get_Categories" signature="()" line-rate="1" branch-rate="1">
              <lines>
                <line number="10" hits="2" branch="False" />
              </lines>
            </method>
            <method name="get_Projection" signature="()" line-rate="1" branch-rate="1">
              <lines>
                <line number="14" hits="1" branch="False" />
                <line number="15" hits="1" branch="False" />
                <line number="16" hits="1" branch="False" />
                <line number="17" hits="1" branch="False" />
                <line number="18" hits="1" branch="False" />
                <line number="19" hits="1" branch="False" />
                <line number="20" hits="1" branch="False" />
                <line number="21" hits="1" branch="False" />
              </lines>
            </method>
            <method name="Create" signature="(AmazingShop.Product.Domain.Entity.Resource)" line-rate="1" branch-rate="1">
              <lines>
                <line number="25" hits="1" branch="False" />
                <line number="26" hits="1" branch="False" />
                <line number="27" hits="1" branch="False" />
              </lines>
            </method>
          </methods>
          <lines>
            <line number="10" hits="2" branch="False" />
            <line number="14" hits="1" branch="False" />
            <line number="15" hits="1" branch="False" />
            <line number="16" hits="1" branch="False" />
            <line number="17" hits="1" branch="False" />
            <line number="18" hits="1" branch="False" />
            <line number="19" hits="1" branch="False" />
            <line number="20" hits="1" branch="False" />
            <line number="21" hits="1" branch="False" />
            <line number="25" hits="1" branch="False" />
            <line number="26" hits="1" branch="False" />
            <line number="27" hits="1" branch="False" />
          </lines>
        </class>
        <class name="AmazingShop.Product.Application.Resource.Command.GetResourceById" filename="api\product-service\src\AmazingShop.Product.Application\Resources\Commands\GetResourceById.cs" line-rate="1" branch-rate="1" complexity="2">
          <methods>
            <method name="get_Id" signature="()" line-rate="1" branch-rate="1">
              <lines>
                <line number="7" hits="2" branch="False" />
              </lines>
            </method>
            <method name=".ctor" signature="(System.Int32)" line-rate="1" branch-rate="1">
              <lines>
                <line number="8" hits="1" branch="False" />
                <line number="9" hits="1" branch="False" />
                <line number="10" hits="1" branch="False" />
                <line number="11" hits="1" branch="False" />
              </lines>
            </method>
          </methods>
          <lines>
            <line number="7" hits="2" branch="False" />
            <line number="8" hits="1" branch="False" />
            <line number="9" hits="1" branch="False" />
            <line number="10" hits="1" branch="False" />
            <line number="11" hits="1" branch="False" />
          </lines>
        </class>
        <class name="AmazingShop.Product.Application.Resource.Command.Handler.GetAllResourcesHandler" filename="api\product-service\src\AmazingShop.Product.Application\Resources\Commands\Handlers\GetAllResourcesHandler.cs" line-rate="1" branch-rate="1" complexity="1">
          <methods>
            <method name=".ctor" signature="(AmazingShop.Product.Application.Repository.Abstraction.IResourceRepository)" line-rate="1" branch-rate="1">
              <lines>
                <line number="15" hits="1" branch="False" />
                <line number="16" hits="1" branch="False" />
                <line number="17" hits="1" branch="False" />
                <line number="18" hits="1" branch="False" />
              </lines>
            </method>
          </methods>
          <lines>
            <line number="15" hits="1" branch="False" />
            <line number="16" hits="1" branch="False" />
            <line number="17" hits="1" branch="False" />
            <line number="18" hits="1" branch="False" />
          </lines>
        </class>
        <class name="AmazingShop.Product.Application.Resource.Command.Handler.GetAllResourcesHandler/&lt;Handle&gt;d__2" filename="api\product-service\src\AmazingShop.Product.Application\Resources\Commands\Handlers\GetAllResourcesHandler.cs" line-rate="1" branch-rate="1" complexity="2">
          <methods>
            <method name="MoveNext" signature="()" line-rate="1" branch-rate="1">
              <lines>
                <line number="20" hits="1" branch="False" />
                <line number="21" hits="1" branch="True" condition-coverage="100% (2/2)">
                  <conditions>
                    <condition number="60" type="jump" coverage="100%" />
                  </conditions>
                </line>
                <line number="22" hits="1" branch="False" />
                <line number="23" hits="1" branch="False" />
                <line number="24" hits="1" branch="False" />
              </lines>
            </method>
          </methods>
          <lines>
            <line number="20" hits="1" branch="False" />
            <line number="21" hits="1" branch="True" condition-coverage="100% (2/2)">
              <conditions>
                <condition number="60" type="jump" coverage="100%" />
              </conditions>
            </line>
            <line number="22" hits="1" branch="False" />
            <line number="23" hits="1" branch="False" />
            <line number="24" hits="1" branch="False" />
          </lines>
        </class>
        <class name="AmazingShop.Product.Application.Resource.Command.Handler.GetResourceByIdHandler" filename="api\product-service\src\AmazingShop.Product.Application\Resources\Commands\Handlers\GetResourceByIdHandler.cs" line-rate="1" branch-rate="1" complexity="1">
          <methods>
            <method name=".ctor" signature="(AmazingShop.Product.Application.Repository.Abstraction.IResourceRepository)" line-rate="1" branch-rate="1">
              <lines>
                <line number="13" hits="1" branch="False" />
                <line number="14" hits="1" branch="False" />
                <line number="15" hits="1" branch="False" />
                <line number="16" hits="1" branch="False" />
              </lines>
            </method>
          </methods>
          <lines>
            <line number="13" hits="1" branch="False" />
            <line number="14" hits="1" branch="False" />
            <line number="15" hits="1" branch="False" />
            <line number="16" hits="1" branch="False" />
          </lines>
        </class>
        <class name="AmazingShop.Product.Application.Resource.Command.Handler.GetResourceByIdHandler/&lt;Handle&gt;d__2" filename="api\product-service\src\AmazingShop.Product.Application\Resources\Commands\Handlers\GetResourceByIdHandler.cs" line-rate="1" branch-rate="1" complexity="2">
          <methods>
            <method name="MoveNext" signature="()" line-rate="1" branch-rate="1">
              <lines>
                <line number="18" hits="1" branch="False" />
                <line number="19" hits="1" branch="True" condition-coverage="100% (2/2)">
                  <conditions>
                    <condition number="275" type="jump" coverage="100%" />
                  </conditions>
                </line>
                <line number="20" hits="1" branch="False" />
                <line number="21" hits="1" branch="False" />
              </lines>
            </method>
          </methods>
          <lines>
            <line number="18" hits="1" branch="False" />
            <line number="19" hits="1" branch="True" condition-coverage="100% (2/2)">
              <conditions>
                <condition number="275" type="jump" coverage="100%" />
              </conditions>
            </line>
            <line number="20" hits="1" branch="False" />
            <line number="21" hits="1" branch="False" />
          </lines>
        </class>
        <class name="AmazingShop.Product.Application.Product.Dto.ProductDetailDto" filename="api\product-service\src\AmazingShop.Product.Application\Products\Models\ProductDetailDto.cs" line-rate="1" branch-rate="1" complexity="3">
          <methods>
            <method name="get_Images" signature="()" line-rate="1" branch-rate="1">
              <lines>
                <line number="10" hits="20" branch="False" />
              </lines>
            </method>
            <method name="get_Projection" signature="()" line-rate="1" branch-rate="1">
              <lines>
                <line number="14" hits="13" branch="False" />
                <line number="15" hits="13" branch="False" />
                <line number="16" hits="13" branch="False" />
                <line number="17" hits="13" branch="False" />
                <line number="18" hits="13" branch="False" />
                <line number="19" hits="13" branch="False" />
                <line number="20" hits="13" branch="False" />
                <line number="21" hits="13" branch="False" />
              </lines>
            </method>
            <method name="Create" signature="(AmazingShop.Product.Domain.Entity.Product)" line-rate="1" branch-rate="1">
              <lines>
                <line number="25" hits="13" branch="False" />
                <line number="26" hits="13" branch="False" />
                <line number="27" hits="13" branch="False" />
              </lines>
            </method>
          </methods>
          <lines>
            <line number="10" hits="20" branch="False" />
            <line number="14" hits="13" branch="False" />
            <line number="15" hits="13" branch="False" />
            <line number="16" hits="13" branch="False" />
            <line number="17" hits="13" branch="False" />
            <line number="18" hits="13" branch="False" />
            <line number="19" hits="13" branch="False" />
            <line number="20" hits="13" branch="False" />
            <line number="21" hits="13" branch="False" />
            <line number="25" hits="13" branch="False" />
            <line number="26" hits="13" branch="False" />
            <line number="27" hits="13" branch="False" />
          </lines>
        </class>
        <class name="AmazingShop.Product.Application.Product.Dto.ProductImageDto" filename="api\product-service\src\AmazingShop.Product.Application\Products\Models\ProductImageDto.cs" line-rate="1" branch-rate="1" complexity="6">
          <methods>
            <method name="get_Name" signature="()" line-rate="1" branch-rate="1">
              <lines>
                <line number="8" hits="2" branch="False" />
              </lines>
            </method>
            <method name="get_ContentType" signature="()" line-rate="1" branch-rate="1">
              <lines>
                <line number="9" hits="2" branch="False" />
              </lines>
            </method>
            <method name="get_Url" signature="()" line-rate="1" branch-rate="1">
              <lines>
                <line number="10" hits="2" branch="False" />
              </lines>
            </method>
            <method name="get_IsEdit" signature="()" line-rate="1" branch-rate="1">
              <lines>
                <line number="11" hits="3" branch="False" />
              </lines>
            </method>
            <method name="get_Projection" signature="()" line-rate="1" branch-rate="1">
              <lines>
                <line number="15" hits="1" branch="False" />
                <line number="16" hits="1" branch="False" />
                <line number="17" hits="1" branch="False" />
                <line number="18" hits="1" branch="False" />
                <line number="19" hits="1" branch="False" />
                <line number="20" hits="1" branch="False" />
                <line number="21" hits="1" branch="False" />
                <line number="22" hits="1" branch="False" />
                <line number="23" hits="1" branch="False" />
              </lines>
            </method>
            <method name="Create" signature="(AmazingShop.Product.Domain.Entity.ProductImage)" line-rate="1" branch-rate="1">
              <lines>
                <line number="26" hits="1" branch="False" />
                <line number="27" hits="1" branch="False" />
                <line number="28" hits="1" branch="False" />
              </lines>
            </method>
          </methods>
          <lines>
            <line number="8" hits="2" branch="False" />
            <line number="9" hits="2" branch="False" />
            <line number="10" hits="2" branch="False" />
            <line number="11" hits="3" branch="False" />
            <line number="15" hits="1" branch="False" />
            <line number="16" hits="1" branch="False" />
            <line number="17" hits="1" branch="False" />
            <line number="18" hits="1" branch="False" />
            <line number="19" hits="1" branch="False" />
            <line number="20" hits="1" branch="False" />
            <line number="21" hits="1" branch="False" />
            <line number="22" hits="1" branch="False" />
            <line number="23" hits="1" branch="False" />
            <line number="26" hits="1" branch="False" />
            <line number="27" hits="1" branch="False" />
            <line number="28" hits="1" branch="False" />
          </lines>
        </class>
        <class name="AmazingShop.Product.Application.Product.Dto.UpdateProductDto" filename="api\product-service\src\AmazingShop.Product.Application\Products\Models\UpdateProductDto.cs" line-rate="0" branch-rate="1" complexity="2">
          <methods>
            <method name="get_Projection" signature="()" line-rate="0" branch-rate="1">
              <lines>
                <line number="11" hits="0" branch="False" />
                <line number="12" hits="0" branch="False" />
                <line number="13" hits="0" branch="False" />
                <line number="14" hits="0" branch="False" />
                <line number="15" hits="0" branch="False" />
                <line number="16" hits="0" branch="False" />
                <line number="17" hits="0" branch="False" />
              </lines>
            </method>
            <method name="Create" signature="(AmazingShop.Product.Domain.Entity.Product)" line-rate="0" branch-rate="1">
              <lines>
                <line number="21" hits="0" branch="False" />
                <line number="22" hits="0" branch="False" />
                <line number="23" hits="0" branch="False" />
              </lines>
            </method>
          </methods>
          <lines>
            <line number="11" hits="0" branch="False" />
            <line number="12" hits="0" branch="False" />
            <line number="13" hits="0" branch="False" />
            <line number="14" hits="0" branch="False" />
            <line number="15" hits="0" branch="False" />
            <line number="16" hits="0" branch="False" />
            <line number="17" hits="0" branch="False" />
            <line number="21" hits="0" branch="False" />
            <line number="22" hits="0" branch="False" />
            <line number="23" hits="0" branch="False" />
          </lines>
        </class>
        <class name="AmazingShop.Product.Application.Product.Dto.UploadProductImageDto" filename="api\product-service\src\AmazingShop.Product.Application\Products\Models\UploadProductImageDto.cs" line-rate="0" branch-rate="1" complexity="3">
          <methods>
            <method name="get_Name" signature="()" line-rate="0" branch-rate="1">
              <lines>
                <line number="5" hits="0" branch="False" />
              </lines>
            </method>
            <method name="get_ContentType" signature="()" line-rate="0" branch-rate="1">
              <lines>
                <line number="6" hits="0" branch="False" />
              </lines>
            </method>
            <method name="Create" signature="(System.String,System.String,System.String)" line-rate="0" branch-rate="1">
              <lines>
                <line number="8" hits="0" branch="False" />
                <line number="9" hits="0" branch="False" />
                <line number="10" hits="0" branch="False" />
              </lines>
            </method>
          </methods>
          <lines>
            <line number="5" hits="0" branch="False" />
            <line number="6" hits="0" branch="False" />
            <line number="8" hits="0" branch="False" />
            <line number="9" hits="0" branch="False" />
            <line number="10" hits="0" branch="False" />
          </lines>
        </class>
        <class name="AmazingShop.Product.Application.Product.Command.GetProductById" filename="api\product-service\src\AmazingShop.Product.Application\Products\Commands\GetProductById.cs" line-rate="1" branch-rate="1" complexity="2">
          <methods>
            <method name="get_Id" signature="()" line-rate="1" branch-rate="1">
              <lines>
                <line number="8" hits="2" branch="False" />
              </lines>
            </method>
            <method name=".ctor" signature="(System.Int32)" line-rate="1" branch-rate="1">
              <lines>
                <line number="9" hits="1" branch="False" />
                <line number="10" hits="1" branch="False" />
                <line number="11" hits="1" branch="False" />
                <line number="12" hits="1" branch="False" />
              </lines>
            </method>
          </methods>
          <lines>
            <line number="8" hits="2" branch="False" />
            <line number="9" hits="1" branch="False" />
            <line number="10" hits="1" branch="False" />
            <line number="11" hits="1" branch="False" />
            <line number="12" hits="1" branch="False" />
          </lines>
        </class>
        <class name="AmazingShop.Product.Application.Product.Command.UpdateProduct" filename="api\product-service\src\AmazingShop.Product.Application\Products\Commands\UpdateProduct.cs" line-rate="0" branch-rate="1" complexity="4">
          <methods>
            <method name="get_Id" signature="()" line-rate="0" branch-rate="1">
              <lines>
                <line number="10" hits="0" branch="False" />
              </lines>
            </method>
            <method name="get_Name" signature="()" line-rate="0" branch-rate="1">
              <lines>
                <line number="11" hits="0" branch="False" />
              </lines>
            </method>
            <method name="get_Images" signature="()" line-rate="0" branch-rate="1">
              <lines>
                <line number="12" hits="0" branch="False" />
              </lines>
            </method>
            <method name="CreateEntity" signature="()" line-rate="0" branch-rate="1">
              <lines>
                <line number="14" hits="0" branch="False" />
                <line number="15" hits="0" branch="False" />
                <line number="16" hits="0" branch="False" />
                <line number="17" hits="0" branch="False" />
                <line number="18" hits="0" branch="False" />
                <line number="19" hits="0" branch="False" />
              </lines>
            </method>
          </methods>
          <lines>
            <line number="10" hits="0" branch="False" />
            <line number="11" hits="0" branch="False" />
            <line number="12" hits="0" branch="False" />
            <line number="14" hits="0" branch="False" />
            <line number="15" hits="0" branch="False" />
            <line number="16" hits="0" branch="False" />
            <line number="17" hits="0" branch="False" />
            <line number="18" hits="0" branch="False" />
            <line number="19" hits="0" branch="False" />
          </lines>
        </class>
        <class name="AmazingShop.Product.Application.Product.Command.UploadProductImage" filename="api\product-service\src\AmazingShop.Product.Application\Products\Commands\UploadProductImage.cs" line-rate="0" branch-rate="1" complexity="6">
          <methods>
            <method name="get_FileName" signature="()" line-rate="0" branch-rate="1">
              <lines>
                <line number="8" hits="0" branch="False" />
              </lines>
            </method>
            <method name="get_OriginalFileName" signature="()" line-rate="0" branch-rate="1">
              <lines>
                <line number="9" hits="0" branch="False" />
              </lines>
            </method>
            <method name="get_Content" signature="()" line-rate="0" branch-rate="1">
              <lines>
                <line number="10" hits="0" branch="False" />
              </lines>
            </method>
            <method name="get_ContentType" signature="()" line-rate="0" branch-rate="1">
              <lines>
                <line number="11" hits="0" branch="False" />
              </lines>
            </method>
            <method name="get_Type" signature="()" line-rate="0" branch-rate="1">
              <lines>
                <line number="12" hits="0" branch="False" />
              </lines>
            </method>
            <method name=".ctor" signature="(System.String,System.Byte[],System.String)" line-rate="0" branch-rate="1">
              <lines>
                <line number="13" hits="0" branch="False" />
                <line number="14" hits="0" branch="False" />
                <line number="15" hits="0" branch="False" />
                <line number="16" hits="0" branch="False" />
                <line number="17" hits="0" branch="False" />
                <line number="18" hits="0" branch="False" />
                <line number="19" hits="0" branch="False" />
              </lines>
            </method>
          </methods>
          <lines>
            <line number="8" hits="0" branch="False" />
            <line number="9" hits="0" branch="False" />
            <line number="10" hits="0" branch="False" />
            <line number="11" hits="0" branch="False" />
            <line number="12" hits="0" branch="False" />
            <line number="13" hits="0" branch="False" />
            <line number="14" hits="0" branch="False" />
            <line number="15" hits="0" branch="False" />
            <line number="16" hits="0" branch="False" />
            <line number="17" hits="0" branch="False" />
            <line number="18" hits="0" branch="False" />
            <line number="19" hits="0" branch="False" />
          </lines>
        </class>
        <class name="AmazingShop.Product.Application.Product.Command.Handler.GetAllProductHandler" filename="api\product-service\src\AmazingShop.Product.Application\Products\Commands\Handlers\GetAllProductHandler.cs" line-rate="1" branch-rate="1" complexity="1">
          <methods>
            <method name=".ctor" signature="(AmazingShop.Product.Application.Repository.Abstraction.IProductRepository)" line-rate="1" branch-rate="1">
              <lines>
                <line number="15" hits="1" branch="False" />
                <line number="16" hits="1" branch="False" />
                <line number="17" hits="1" branch="False" />
                <line number="18" hits="1" branch="False" />
              </lines>
            </method>
          </methods>
          <lines>
            <line number="15" hits="1" branch="False" />
            <line number="16" hits="1" branch="False" />
            <line number="17" hits="1" branch="False" />
            <line number="18" hits="1" branch="False" />
          </lines>
        </class>
        <class name="AmazingShop.Product.Application.Product.Command.Handler.GetAllProductHandler/&lt;Handle&gt;d__2" filename="api\product-service\src\AmazingShop.Product.Application\Products\Commands\Handlers\GetAllProductHandler.cs" line-rate="1" branch-rate="1" complexity="2">
          <methods>
            <method name="MoveNext" signature="()" line-rate="1" branch-rate="1">
              <lines>
                <line number="20" hits="1" branch="False" />
                <line number="21" hits="1" branch="True" condition-coverage="100% (2/2)">
                  <conditions>
                    <condition number="63" type="jump" coverage="100%" />
                  </conditions>
                </line>
                <line number="22" hits="1" branch="False" />
                <line number="23" hits="1" branch="False" />
                <line number="24" hits="1" branch="False" />
              </lines>
            </method>
          </methods>
          <lines>
            <line number="20" hits="1" branch="False" />
            <line number="21" hits="1" branch="True" condition-coverage="100% (2/2)">
              <conditions>
                <condition number="63" type="jump" coverage="100%" />
              </conditions>
            </line>
            <line number="22" hits="1" branch="False" />
            <line number="23" hits="1" branch="False" />
            <line number="24" hits="1" branch="False" />
          </lines>
        </class>
        <class name="AmazingShop.Product.Application.Product.Command.Handler.GetProductByIdHandler" filename="api\product-service\src\AmazingShop.Product.Application\Products\Commands\Handlers\GetProductByIdHandler.cs" line-rate="1" branch-rate="1" complexity="1">
          <methods>
            <method name=".ctor" signature="(AmazingShop.Product.Application.Repository.Abstraction.IProductRepository)" line-rate="1" branch-rate="1">
              <lines>
                <line number="14" hits="1" branch="False" />
                <line number="15" hits="1" branch="False" />
                <line number="16" hits="1" branch="False" />
                <line number="17" hits="1" branch="False" />
              </lines>
            </method>
          </methods>
          <lines>
            <line number="14" hits="1" branch="False" />
            <line number="15" hits="1" branch="False" />
            <line number="16" hits="1" branch="False" />
            <line number="17" hits="1" branch="False" />
          </lines>
        </class>
        <class name="AmazingShop.Product.Application.Product.Command.Handler.GetProductByIdHandler/&lt;Handle&gt;d__2" filename="api\product-service\src\AmazingShop.Product.Application\Products\Commands\Handlers\GetProductByIdHandler.cs" line-rate="1" branch-rate="1" complexity="2">
          <methods>
            <method name="MoveNext" signature="()" line-rate="1" branch-rate="1">
              <lines>
                <line number="19" hits="1" branch="False" />
                <line number="20" hits="1" branch="True" condition-coverage="100% (2/2)">
                  <conditions>
                    <condition number="280" type="jump" coverage="100%" />
                  </conditions>
                </line>
                <line number="21" hits="1" branch="False" />
                <line number="22" hits="1" branch="False" />
              </lines>
            </method>
          </methods>
          <lines>
            <line number="19" hits="1" branch="False" />
            <line number="20" hits="1" branch="True" condition-coverage="100% (2/2)">
              <conditions>
                <condition number="280" type="jump" coverage="100%" />
              </conditions>
            </line>
            <line number="21" hits="1" branch="False" />
            <line number="22" hits="1" branch="False" />
          </lines>
        </class>
        <class name="AmazingShop.Product.Application.Product.Command.Handler.UpdateProductHandler" filename="api\product-service\src\AmazingShop.Product.Application\Products\Commands\Handlers\UpdateProductHandler.cs" line-rate="0" branch-rate="1" complexity="1">
          <methods>
            <method name=".ctor" signature="(AmazingShop.Product.Application.Repository.Abstraction.IProductRepository,AmazingShop.Product.Application.Service.Dispatcher.Abstraction.IDomainDispatcher)" line-rate="0" branch-rate="1">
              <lines>
                <line number="16" hits="0" branch="False" />
                <line number="17" hits="0" branch="False" />
                <line number="18" hits="0" branch="False" />
                <line number="19" hits="0" branch="False" />
                <line number="20" hits="0" branch="False" />
              </lines>
            </method>
          </methods>
          <lines>
            <line number="16" hits="0" branch="False" />
            <line number="17" hits="0" branch="False" />
            <line number="18" hits="0" branch="False" />
            <line number="19" hits="0" branch="False" />
            <line number="20" hits="0" branch="False" />
          </lines>
        </class>
        <class name="AmazingShop.Product.Application.Product.Command.Handler.UpdateProductHandler/&lt;&gt;c__DisplayClass3_0" filename="api\product-service\src\AmazingShop.Product.Application\Products\Commands\Handlers\UpdateProductHandler.cs" line-rate="0" branch-rate="0" complexity="2">
          <methods>
            <method name="&lt;Handle&gt;b__2" signature="(AmazingShop.Product.Application.Product.Dto.ProductImageDto)" line-rate="0" branch-rate="0">
              <lines>
                <line number="44" hits="0" branch="True" condition-coverage="0% (0/2)">
                  <conditions>
                    <condition number="1123" type="jump" coverage="0%" />
                  </conditions>
                </line>
              </lines>
            </method>
          </methods>
          <lines>
            <line number="44" hits="0" branch="True" condition-coverage="0% (0/2)">
              <conditions>
                <condition number="1123" type="jump" coverage="0%" />
              </conditions>
            </line>
          </lines>
        </class>
        <class name="AmazingShop.Product.Application.Product.Command.Handler.UpdateProductHandler/&lt;&gt;c__DisplayClass3_1" filename="api\product-service\src\AmazingShop.Product.Application\Products\Commands\Handlers\UpdateProductHandler.cs" line-rate="0" branch-rate="1" complexity="1">
          <methods>
            <method name="&lt;Handle&gt;b__5" signature="(AmazingShop.Product.Application.Product.Dto.ProductImageDto)" line-rate="0" branch-rate="1">
              <lines>
                <line number="37" hits="0" branch="False" />
              </lines>
            </method>
          </methods>
          <lines>
            <line number="37" hits="0" branch="False" />
          </lines>
        </class>
        <class name="AmazingShop.Product.Application.Product.Command.Handler.UpdateProductHandler/&lt;&gt;c" filename="api\product-service\src\AmazingShop.Product.Application\Products\Commands\Handlers\UpdateProductHandler.cs" line-rate="0" branch-rate="0" complexity="2">
          <methods>
            <method name="&lt;Handle&gt;b__3_0" signature="(AmazingShop.Product.Application.Product.Dto.ProductImageDto)" line-rate="0" branch-rate="0">
              <lines>
                <line number="24" hits="0" branch="True" condition-coverage="0% (0/2)">
                  <conditions>
                    <condition number="133" type="jump" coverage="0%" />
                  </conditions>
                </line>
              </lines>
            </method>
          </methods>
          <lines>
            <line number="24" hits="0" branch="True" condition-coverage="0% (0/2)">
              <conditions>
                <condition number="133" type="jump" coverage="0%" />
              </conditions>
            </line>
          </lines>
        </class>
        <class name="AmazingShop.Product.Application.Product.Command.Handler.UploadProductImageHandler" filename="api\product-service\src\AmazingShop.Product.Application\Products\Commands\Handlers\UploadProductImageHandler.cs" line-rate="0" branch-rate="1" complexity="1">
          <methods>
            <method name=".ctor" signature="(AmazingShop.Product.Application.Repository.Abstraction.IStorageService)" line-rate="0" branch-rate="1">
              <lines>
                <line number="12" hits="0" branch="False" />
                <line number="13" hits="0" branch="False" />
                <line number="14" hits="0" branch="False" />
                <line number="15" hits="0" branch="False" />
              </lines>
            </method>
          </methods>
          <lines>
            <line number="12" hits="0" branch="False" />
            <line number="13" hits="0" branch="False" />
            <line number="14" hits="0" branch="False" />
            <line number="15" hits="0" branch="False" />
          </lines>
        </class>
        <class name="AmazingShop.Product.Application.Product.Command.Handler.UploadProductImageHandler/&lt;Handle&gt;d__2" filename="api\product-service\src\AmazingShop.Product.Application\Products\Commands\Handlers\UploadProductImageHandler.cs" line-rate="0" branch-rate="0" complexity="2">
          <methods>
            <method name="MoveNext" signature="()" line-rate="0" branch-rate="0">
              <lines>
                <line number="17" hits="0" branch="False" />
                <line number="19" hits="0" branch="True" condition-coverage="0% (0/2)">
                  <conditions>
                    <condition number="77" type="jump" coverage="0%" />
                  </conditions>
                </line>
                <line number="20" hits="0" branch="False" />
                <line number="21" hits="0" branch="False" />
              </lines>
            </method>
          </methods>
          <lines>
            <line number="17" hits="0" branch="False" />
            <line number="19" hits="0" branch="True" condition-coverage="0% (0/2)">
              <conditions>
                <condition number="77" type="jump" coverage="0%" />
              </conditions>
            </line>
            <line number="20" hits="0" branch="False" />
            <line number="21" hits="0" branch="False" />
          </lines>
        </class>
        <class name="AmazingShop.Product.Application.Extension.ApplicationExtension" filename="api\product-service\src\AmazingShop.Product.Application\Extensions\ApplicationExtension.cs" line-rate="1" branch-rate="1" complexity="1">
          <methods>
            <method name="AddApplicationServices" signature="(Microsoft.Extensions.DependencyInjection.IServiceCollection)" line-rate="1" branch-rate="1">
              <lines>
                <line number="10" hits="1" branch="False" />
                <line number="11" hits="1" branch="False" />
                <line number="12" hits="1" branch="False" />
              </lines>
            </method>
          </methods>
          <lines>
            <line number="10" hits="1" branch="False" />
            <line number="11" hits="1" branch="False" />
            <line number="12" hits="1" branch="False" />
          </lines>
        </class>
        <class name="AmazingShop.Product.Application.Event.ImageAddedEvent" filename="api\product-service\src\AmazingShop.Product.Application\Events\ImageAddedEvent.cs" line-rate="0" branch-rate="1" complexity="6">
          <methods>
            <method name="get_FileName" signature="()" line-rate="0" branch-rate="1">
              <lines>
                <line number="7" hits="0" branch="False" />
              </lines>
            </method>
            <method name="get_ContentType" signature="()" line-rate="0" branch-rate="1">
              <lines>
                <line number="8" hits="0" branch="False" />
              </lines>
            </method>
            <method name="get_Id" signature="()" line-rate="0" branch-rate="1">
              <lines>
                <line number="9" hits="0" branch="False" />
              </lines>
            </method>
            <method name="get_Type" signature="()" line-rate="0" branch-rate="1">
              <lines>
                <line number="10" hits="0" branch="False" />
              </lines>
            </method>
            <method name="get_FilePath" signature="()" line-rate="0" branch-rate="1">
              <lines>
                <line number="11" hits="0" branch="False" />
              </lines>
            </method>
            <method name=".ctor" signature="(System.Int32,System.String,System.String,System.String,System.String)" line-rate="0" branch-rate="1">
              <lines>
                <line number="12" hits="0" branch="False" />
                <line number="13" hits="0" branch="False" />
                <line number="14" hits="0" branch="False" />
                <line number="15" hits="0" branch="False" />
                <line number="16" hits="0" branch="False" />
                <line number="17" hits="0" branch="False" />
                <line number="18" hits="0" branch="False" />
                <line number="19" hits="0" branch="False" />
              </lines>
            </method>
          </methods>
          <lines>
            <line number="7" hits="0" branch="False" />
            <line number="8" hits="0" branch="False" />
            <line number="9" hits="0" branch="False" />
            <line number="10" hits="0" branch="False" />
            <line number="11" hits="0" branch="False" />
            <line number="12" hits="0" branch="False" />
            <line number="13" hits="0" branch="False" />
            <line number="14" hits="0" branch="False" />
            <line number="15" hits="0" branch="False" />
            <line number="16" hits="0" branch="False" />
            <line number="17" hits="0" branch="False" />
            <line number="18" hits="0" branch="False" />
            <line number="19" hits="0" branch="False" />
          </lines>
        </class>
      </classes>
    </package>
    <package name="AmazingShop.Product.Domain" line-rate="0.3333" branch-rate="1" complexity="24">
      <classes>
        <class name="AmazingShop.Product.Domain.Entity.Category" filename="api\product-service\src\AmazingShop.Product.Domain\Entities\Category.cs" line-rate="0" branch-rate="1" complexity="4">
          <methods>
            <method name="get_Id" signature="()" line-rate="0" branch-rate="1">
              <lines>
                <line number="7" hits="0" branch="False" />
              </lines>
            </method>
            <method name="get_Name" signature="()" line-rate="0" branch-rate="1">
              <lines>
                <line number="8" hits="0" branch="False" />
              </lines>
            </method>
            <method name="get_Resource" signature="()" line-rate="0" branch-rate="1">
              <lines>
                <line number="9" hits="0" branch="False" />
              </lines>
            </method>
            <method name="get_ResourceId" signature="()" line-rate="0" branch-rate="1">
              <lines>
                <line number="10" hits="0" branch="False" />
              </lines>
            </method>
          </methods>
          <lines>
            <line number="7" hits="0" branch="False" />
            <line number="8" hits="0" branch="False" />
            <line number="9" hits="0" branch="False" />
            <line number="10" hits="0" branch="False" />
          </lines>
        </class>
        <class name="AmazingShop.Product.Domain.Entity.Product" filename="api\product-service\src\AmazingShop.Product.Domain\Entities\Product.cs" line-rate="0.5" branch-rate="1" complexity="7">
          <methods>
            <method name="get_Id" signature="()" line-rate="0" branch-rate="1">
              <lines>
                <line number="8" hits="0" branch="False" />
              </lines>
            </method>
            <method name="get_Name" signature="()" line-rate="0" branch-rate="1">
              <lines>
                <line number="9" hits="0" branch="False" />
              </lines>
            </method>
            <method name="get_Deleted" signature="()" line-rate="0" branch-rate="1">
              <lines>
                <line number="10" hits="0" branch="False" />
              </lines>
            </method>
            <method name="get_CreatedUtc" signature="()" line-rate="0" branch-rate="1">
              <lines>
                <line number="11" hits="0" branch="False" />
              </lines>
            </method>
            <method name="get_UpdatedUtc" signature="()" line-rate="0" branch-rate="1">
              <lines>
                <line number="12" hits="0" branch="False" />
              </lines>
            </method>
            <method name="get_Images" signature="()" line-rate="1" branch-rate="1">
              <lines>
                <line number="13" hits="20" branch="False" />
              </lines>
            </method>
            <method name=".ctor" signature="()" line-rate="1" branch-rate="1">
              <lines>
                <line number="14" hits="7" branch="False" />
                <line number="15" hits="7" branch="False" />
                <line number="16" hits="7" branch="False" />
                <line number="17" hits="7" branch="False" />
              </lines>
            </method>
          </methods>
          <lines>
            <line number="8" hits="0" branch="False" />
            <line number="9" hits="0" branch="False" />
            <line number="10" hits="0" branch="False" />
            <line number="11" hits="0" branch="False" />
            <line number="12" hits="0" branch="False" />
            <line number="13" hits="20" branch="False" />
            <line number="14" hits="7" branch="False" />
            <line number="15" hits="7" branch="False" />
            <line number="16" hits="7" branch="False" />
            <line number="17" hits="7" branch="False" />
          </lines>
        </class>
        <class name="AmazingShop.Product.Domain.Entity.ProductImage" filename="api\product-service\src\AmazingShop.Product.Domain\Entities\ProductImage.cs" line-rate="0" branch-rate="1" complexity="9">
          <methods>
            <method name="get_Id" signature="()" line-rate="0" branch-rate="1">
              <lines>
                <line number="7" hits="0" branch="False" />
              </lines>
            </method>
            <method name="get_ProductId" signature="()" line-rate="0" branch-rate="1">
              <lines>
                <line number="8" hits="0" branch="False" />
              </lines>
            </method>
            <method name="get_Product" signature="()" line-rate="0" branch-rate="1">
              <lines>
                <line number="9" hits="0" branch="False" />
              </lines>
            </method>
            <method name="get_Url" signature="()" line-rate="0" branch-rate="1">
              <lines>
                <line number="10" hits="0" branch="False" />
              </lines>
            </method>
            <method name="get_ContentType" signature="()" line-rate="0" branch-rate="1">
              <lines>
                <line number="11" hits="0" branch="False" />
              </lines>
            </method>
            <method name="get_Name" signature="()" line-rate="0" branch-rate="1">
              <lines>
                <line number="12" hits="0" branch="False" />
              </lines>
            </method>
            <method name="get_Deleted" signature="()" line-rate="0" branch-rate="1">
              <lines>
                <line number="13" hits="0" branch="False" />
              </lines>
            </method>
            <method name="get_CreatedUtc" signature="()" line-rate="0" branch-rate="1">
              <lines>
                <line number="14" hits="0" branch="False" />
              </lines>
            </method>
            <method name="get_UpdatedUtc" signature="()" line-rate="0" branch-rate="1">
              <lines>
                <line number="15" hits="0" branch="False" />
              </lines>
            </method>
          </methods>
          <lines>
            <line number="7" hits="0" branch="False" />
            <line number="8" hits="0" branch="False" />
            <line number="9" hits="0" branch="False" />
            <line number="10" hits="0" branch="False" />
            <line number="11" hits="0" branch="False" />
            <line number="12" hits="0" branch="False" />
            <line number="13" hits="0" branch="False" />
            <line number="14" hits="0" branch="False" />
            <line number="15" hits="0" branch="False" />
          </lines>
        </class>
        <class name="AmazingShop.Product.Domain.Entity.Resource" filename="api\product-service\src\AmazingShop.Product.Domain\Entities\Resource.cs" line-rate="0.7142000000000001" branch-rate="1" complexity="4">
          <methods>
            <method name="get_Id" signature="()" line-rate="0" branch-rate="1">
              <lines>
                <line number="8" hits="0" branch="False" />
              </lines>
            </method>
            <method name="get_Name" signature="()" line-rate="0" branch-rate="1">
              <lines>
                <line number="9" hits="0" branch="False" />
              </lines>
            </method>
            <method name="get_Categories" signature="()" line-rate="1" branch-rate="1">
              <lines>
                <line number="10" hits="6" branch="False" />
              </lines>
            </method>
            <method name=".ctor" signature="()" line-rate="1" branch-rate="1">
              <lines>
                <line number="11" hits="5" branch="False" />
                <line number="12" hits="5" branch="False" />
                <line number="13" hits="5" branch="False" />
                <line number="14" hits="5" branch="False" />
              </lines>
            </method>
          </methods>
          <lines>
            <line number="8" hits="0" branch="False" />
            <line number="9" hits="0" branch="False" />
            <line number="10" hits="6" branch="False" />
            <line number="11" hits="5" branch="False" />
            <line number="12" hits="5" branch="False" />
            <line number="13" hits="5" branch="False" />
            <line number="14" hits="5" branch="False" />
          </lines>
        </class>
      </classes>
    </package>
    <package name="AmazingShop.Product.Infrastructure" line-rate="0.18359999999999999" branch-rate="0.22219999999999998" complexity="20">
      <classes>
        <class name="AmazingShop.Product.Persistence.Repository.AzureBlobStorageService" filename="api\product-service\src\AmazingShop.Product.Infrastructure\Repositories\AzureBlobStorageService.cs" line-rate="0" branch-rate="1" complexity="1">
          <methods>
            <method name=".ctor" signature="(Azure.Storage.Blobs.BlobContainerClient)" line-rate="0" branch-rate="1">
              <lines>
                <line number="13" hits="0" branch="False" />
                <line number="14" hits="0" branch="False" />
                <line number="15" hits="0" branch="False" />
                <line number="16" hits="0" branch="False" />
              </lines>
            </method>
          </methods>
          <lines>
            <line number="13" hits="0" branch="False" />
            <line number="14" hits="0" branch="False" />
            <line number="15" hits="0" branch="False" />
            <line number="16" hits="0" branch="False" />
          </lines>
        </class>
        <class name="AmazingShop.Product.Persistence.Repository.AzureBlobStorageService/&lt;UploadAsync&gt;d__2" filename="api\product-service\src\AmazingShop.Product.Infrastructure\Repositories\AzureBlobStorageService.cs" line-rate="0" branch-rate="0" complexity="8">
          <methods>
            <method name="MoveNext" signature="()" line-rate="0" branch-rate="0">
              <lines>
                <line number="18" hits="0" branch="True" condition-coverage="0% (0/2)">
                  <conditions>
                    <condition number="14" type="jump" coverage="0%" />
                  </conditions>
                </line>
                <line number="19" hits="0" branch="True" condition-coverage="0% (0/2)">
                  <conditions>
                    <condition number="67" type="jump" coverage="0%" />
                  </conditions>
                </line>
                <line number="20" hits="0" branch="False" />
                <line number="21" hits="0" branch="True" condition-coverage="0% (0/2)">
                  <conditions>
                    <condition number="176" type="jump" coverage="0%" />
                  </conditions>
                </line>
                <line number="22" hits="0" branch="False" />
                <line number="24" hits="0" branch="False" />
                <line number="27" hits="0" branch="True" condition-coverage="0% (0/2)">
                  <conditions>
                    <condition number="295" type="jump" coverage="0%" />
                  </conditions>
                </line>
                <line number="29" hits="0" branch="False" />
                <line number="30" hits="0" branch="False" />
                <line number="31" hits="0" branch="False" />
                <line number="32" hits="0" branch="False" />
              </lines>
            </method>
          </methods>
          <lines>
            <line number="18" hits="0" branch="True" condition-coverage="0% (0/2)">
              <conditions>
                <condition number="14" type="jump" coverage="0%" />
              </conditions>
            </line>
            <line number="19" hits="0" branch="True" condition-coverage="0% (0/2)">
              <conditions>
                <condition number="67" type="jump" coverage="0%" />
              </conditions>
            </line>
            <line number="20" hits="0" branch="False" />
            <line number="21" hits="0" branch="True" condition-coverage="0% (0/2)">
              <conditions>
                <condition number="176" type="jump" coverage="0%" />
              </conditions>
            </line>
            <line number="22" hits="0" branch="False" />
            <line number="24" hits="0" branch="False" />
            <line number="27" hits="0" branch="True" condition-coverage="0% (0/2)">
              <conditions>
                <condition number="295" type="jump" coverage="0%" />
              </conditions>
            </line>
            <line number="29" hits="0" branch="False" />
            <line number="30" hits="0" branch="False" />
            <line number="31" hits="0" branch="False" />
            <line number="32" hits="0" branch="False" />
          </lines>
        </class>
        <class name="AmazingShop.Product.Infrastructure.Service.AzureQueueDispatcher" filename="api\product-service\src\AmazingShop.Product.Infrastructure\Services\AzureQueueDispatcher.cs" line-rate="0" branch-rate="1" complexity="1">
          <methods>
            <method name=".ctor" signature="(Azure.Storage.Queues.QueueClient,Microsoft.Extensions.Logging.ILogger`1&lt;AmazingShop.Product.Infrastructure.Service.AzureQueueDispatcher&gt;)" line-rate="0" branch-rate="1">
              <lines>
                <line number="16" hits="0" branch="False" />
                <line number="17" hits="0" branch="False" />
                <line number="18" hits="0" branch="False" />
                <line number="19" hits="0" branch="False" />
                <line number="20" hits="0" branch="False" />
              </lines>
            </method>
          </methods>
          <lines>
            <line number="16" hits="0" branch="False" />
            <line number="17" hits="0" branch="False" />
            <line number="18" hits="0" branch="False" />
            <line number="19" hits="0" branch="False" />
            <line number="20" hits="0" branch="False" />
          </lines>
        </class>
        <class name="AmazingShop.Product.Infrastructure.Service.AzureQueueDispatcher/&lt;DispatchEventAsync&gt;d__3" filename="api\product-service\src\AmazingShop.Product.Infrastructure\Services\AzureQueueDispatcher.cs" line-rate="0" branch-rate="0" complexity="6">
          <methods>
            <method name="MoveNext" signature="()" line-rate="0" branch-rate="0">
              <lines>
                <line number="22" hits="0" branch="True" condition-coverage="0% (0/2)">
                  <conditions>
                    <condition number="14" type="jump" coverage="0%" />
                  </conditions>
                </line>
                <line number="23" hits="0" branch="True" condition-coverage="0% (0/2)">
                  <conditions>
                    <condition number="65" type="jump" coverage="0%" />
                  </conditions>
                </line>
                <line number="24" hits="0" branch="False" />
                <line number="25" hits="0" branch="False" />
                <line number="27" hits="0" branch="True" condition-coverage="0% (0/2)">
                  <conditions>
                    <condition number="248" type="jump" coverage="0%" />
                  </conditions>
                </line>
                <line number="28" hits="0" branch="False" />
              </lines>
            </method>
          </methods>
          <lines>
            <line number="22" hits="0" branch="True" condition-coverage="0% (0/2)">
              <conditions>
                <condition number="14" type="jump" coverage="0%" />
              </conditions>
            </line>
            <line number="23" hits="0" branch="True" condition-coverage="0% (0/2)">
              <conditions>
                <condition number="65" type="jump" coverage="0%" />
              </conditions>
            </line>
            <line number="24" hits="0" branch="False" />
            <line number="25" hits="0" branch="False" />
            <line number="27" hits="0" branch="True" condition-coverage="0% (0/2)">
[...]
            <line number="24" hits="0" branch="False" />
            <line number="25" hits="0" branch="False" />
            <line number="26" hits="0" branch="False" />
            <line number="27" hits="1" branch="True" condition-coverage="100% (2/2)">
              <conditions>
                <condition number="60" type="jump" coverage="100%" />
              </conditions>
            </line>
            <line number="28" hits="0" branch="False" />
            <line number="29" hits="0" branch="False" />
            <line number="30" hits="0" branch="False" />
            <line number="31" hits="1" branch="False" />
            <line number="32" hits="1" branch="False" />
            <line number="33" hits="0" branch="False" />
            <line number="34" hits="0" branch="False" />
            <line number="35" hits="0" branch="False" />
            <line number="36" hits="0" branch="False" />
            <line number="37" hits="1" branch="False" />
          </lines>
        </class>
      </classes>
    </package>
    <package name="AmazingShop.Product.Persistence" line-rate="0.8957999999999999" branch-rate="0.5" complexity="16">
      <classes>
        <class name="AmazingShop.Product.Persistence.Repository.ProductRepository" filename="api\product-service\src\AmazingShop.Product.Persistence\Repositories\ProductRepository.cs" line-rate="1" branch-rate="1" complexity="2">
          <methods>
            <method name="get_Products" signature="()" line-rate="1" branch-rate="1">
              <lines>
                <line number="17" hits="2" branch="False" />
              </lines>
            </method>
            <method name=".ctor" signature="(AmazingShop.Product.Persistence.Context.ProductDbContext)" line-rate="1" branch-rate="1">
              <lines>
                <line number="13" hits="2" branch="False" />
                <line number="14" hits="2" branch="False" />
                <line number="15" hits="2" branch="False" />
                <line number="16" hits="2" branch="False" />
              </lines>
            </method>
          </methods>
          <lines>
            <line number="17" hits="2" branch="False" />
            <line number="13" hits="2" branch="False" />
            <line number="14" hits="2" branch="False" />
            <line number="15" hits="2" branch="False" />
            <line number="16" hits="2" branch="False" />
          </lines>
        </class>
        <class name="AmazingShop.Product.Persistence.Repository.ProductRepository/&lt;UpdateAsync&gt;d__4" filename="api\product-service\src\AmazingShop.Product.Persistence\Repositories\ProductRepository.cs" line-rate="0" branch-rate="0" complexity="2">
          <methods>
            <method name="MoveNext" signature="()" line-rate="0" branch-rate="0">
              <lines>
                <line number="20" hits="0" branch="False" />
                <line number="21" hits="0" branch="False" />
                <line number="22" hits="0" branch="True" condition-coverage="0% (0/2)">
                  <conditions>
                    <condition number="82" type="jump" coverage="0%" />
                  </conditions>
                </line>
                <line number="23" hits="0" branch="False" />
                <line number="24" hits="0" branch="False" />
              </lines>
            </method>
          </methods>
          <lines>
            <line number="20" hits="0" branch="False" />
            <line number="21" hits="0" branch="False" />
            <line number="22" hits="0" branch="True" condition-coverage="0% (0/2)">
              <conditions>
                <condition number="82" type="jump" coverage="0%" />
              </conditions>
            </line>
            <line number="23" hits="0" branch="False" />
            <line number="24" hits="0" branch="False" />
          </lines>
        </class>
        <class name="AmazingShop.Product.Persistence.Repository.ResourceRepository" filename="api\product-service\src\AmazingShop.Product.Persistence\Repositories\ResourceRepository.cs" line-rate="1" branch-rate="1" complexity="2">
          <methods>
            <method name="get_Resources" signature="()" line-rate="1" branch-rate="1">
              <lines>
                <line number="15" hits="2" branch="False" />
              </lines>
            </method>
            <method name=".ctor" signature="(AmazingShop.Product.Persistence.Context.ProductDbContext)" line-rate="1" branch-rate="1">
              <lines>
                <line number="11" hits="2" branch="False" />
                <line number="12" hits="2" branch="False" />
                <line number="13" hits="2" branch="False" />
                <line number="14" hits="2" branch="False" />
              </lines>
            </method>
          </methods>
          <lines>
            <line number="15" hits="2" branch="False" />
            <line number="11" hits="2" branch="False" />
            <line number="12" hits="2" branch="False" />
            <line number="13" hits="2" branch="False" />
            <line number="14" hits="2" branch="False" />
          </lines>
        </class>
        <class name="AmazingShop.Product.Persistence.Extension.PersistenceExtensions" filename="api\product-service\src\AmazingShop.Product.Persistence\Extensions\PersistenceExtensions.cs" line-rate="1" branch-rate="1" complexity="2">
          <methods>
            <method name="AddPersistenceServices" signature="(Microsoft.Extensions.DependencyInjection.IServiceCollection)" line-rate="1" branch-rate="1">
              <lines>
                <line number="13" hits="1" branch="False" />
                <line number="14" hits="1" branch="True" condition-coverage="100% (2/2)">
                  <conditions>
                    <condition number="8" type="jump" coverage="100%" />
                  </conditions>
                </line>
                <line number="15" hits="2" branch="False" />
                <line number="16" hits="2" branch="False" />
                <line number="17" hits="2" branch="False" />
                <line number="18" hits="2" branch="False" />
                <line number="19" hits="2" branch="False" />
                <line number="20" hits="1" branch="False" />
                <line number="21" hits="1" branch="False" />
                <line number="22" hits="1" branch="False" />
              </lines>
            </method>
          </methods>
          <lines>
            <line number="13" hits="1" branch="False" />
            <line number="14" hits="1" branch="True" condition-coverage="100% (2/2)">
              <conditions>
                <condition number="8" type="jump" coverage="100%" />
              </conditions>
            </line>
            <line number="15" hits="2" branch="False" />
            <line number="16" hits="2" branch="False" />
            <line number="17" hits="2" branch="False" />
            <line number="18" hits="2" branch="False" />
            <line number="19" hits="2" branch="False" />
            <line number="20" hits="1" branch="False" />
            <line number="21" hits="1" branch="False" />
            <line number="22" hits="1" branch="False" />
          </lines>
        </class>
        <class name="AmazingShop.Product.Persistence.Context.ProductDbContext" filename="api\product-service\src\AmazingShop.Product.Persistence\DbContexts\ProductDbContext.cs" line-rate="1" branch-rate="1" complexity="4">
          <methods>
            <method name="get_Resources" signature="()" line-rate="1" branch-rate="1">
              <lines>
                <line number="8" hits="3" branch="False" />
              </lines>
            </method>
            <method name="get_Products" signature="()" line-rate="1" branch-rate="1">
              <lines>
                <line number="9" hits="3" branch="False" />
              </lines>
            </method>
            <method name="OnModelCreating" signature="(Microsoft.EntityFrameworkCore.ModelBuilder)" line-rate="1" branch-rate="1">
              <lines>
                <line number="15" hits="1" branch="False" />
                <line number="16" hits="1" branch="False" />
                <line number="17" hits="1" branch="False" />
              </lines>
            </method>
            <method name=".ctor" signature="(Microsoft.EntityFrameworkCore.DbContextOptions`1&lt;AmazingShop.Product.Persistence.Context.ProductDbContext&gt;)" line-rate="1" branch-rate="1">
              <lines>
                <line number="10" hits="1" branch="False" />
                <line number="11" hits="1" branch="False" />
                <line number="12" hits="1" branch="False" />
              </lines>
            </method>
          </methods>
          <lines>
            <line number="8" hits="3" branch="False" />
            <line number="9" hits="3" branch="False" />
            <line number="15" hits="1" branch="False" />
            <line number="16" hits="1" branch="False" />
            <line number="17" hits="1" branch="False" />
            <line number="10" hits="1" branch="False" />
            <line number="11" hits="1" branch="False" />
            <line number="12" hits="1" branch="False" />
          </lines>
        </class>
        <class name="AmazingShop.Product.Persistence.Configuration.CategoryConfiguration" filename="api\product-service\src\AmazingShop.Product.Persistence\Configurations\CategoryConfiguration.cs" line-rate="1" branch-rate="1" complexity="1">
          <methods>
            <method name="Configure" signature="(Microsoft.EntityFrameworkCore.Metadata.Builders.EntityTypeBuilder`1&lt;AmazingShop.Product.Domain.Entity.Category&gt;)" line-rate="1" branch-rate="1">
              <lines>
                <line number="10" hits="1" branch="False" />
                <line number="12" hits="1" branch="False" />
                <line number="13" hits="1" branch="False" />
                <line number="14" hits="1" branch="False" />
              </lines>
            </method>
          </methods>
          <lines>
            <line number="10" hits="1" branch="False" />
            <line number="12" hits="1" branch="False" />
            <line number="13" hits="1" branch="False" />
            <line number="14" hits="1" branch="False" />
          </lines>
        </class>
        <class name="AmazingShop.Product.Persistence.Configuration.ProductConfiguration" filename="api\product-service\src\AmazingShop.Product.Persistence\Configurations\ProductConfiguration.cs" line-rate="1" branch-rate="1" complexity="1">
          <methods>
            <method name="Configure" signature="(Microsoft.EntityFrameworkCore.Metadata.Builders.EntityTypeBuilder`1&lt;AmazingShop.Product.Domain.Entity.Product&gt;)" line-rate="1" branch-rate="1">
              <lines>
                <line number="9" hits="1" branch="False" />
                <line number="11" hits="1" branch="False" />
                <line number="12" hits="1" branch="False" />
                <line number="13" hits="1" branch="False" />
              </lines>
            </method>
          </methods>
          <lines>
            <line number="9" hits="1" branch="False" />
            <line number="11" hits="1" branch="False" />
            <line number="12" hits="1" branch="False" />
            <line number="13" hits="1" branch="False" />
          </lines>
        </class>
        <class name="AmazingShop.Product.Persistence.Configuration.ProductImageConfiguration" filename="api\product-service\src\AmazingShop.Product.Persistence\Configurations\ProductImageConfiguration.cs" line-rate="1" branch-rate="1" complexity="1">
          <methods>
            <method name="Configure" signature="(Microsoft.EntityFrameworkCore.Metadata.Builders.EntityTypeBuilder`1&lt;AmazingShop.Product.Domain.Entity.ProductImage&gt;)" line-rate="1" branch-rate="1">
              <lines>
                <line number="9" hits="1" branch="False" />
                <line number="11" hits="1" branch="False" />
                <line number="12" hits="1" branch="False" />
                <line number="13" hits="1" branch="False" />
              </lines>
            </method>
          </methods>
          <lines>
            <line number="9" hits="1" branch="False" />
            <line number="11" hits="1" branch="False" />
            <line number="12" hits="1" branch="False" />
            <line number="13" hits="1" branch="False" />
          </lines>
        </class>
        <class name="AmazingShop.Product.Persistence.Configuration.ResourceConfiguration" filename="api\product-service\src\AmazingShop.Product.Persistence\Configurations\ResourceConfiguration.cs" line-rate="1" branch-rate="1" complexity="1">
          <methods>
            <method name="Configure" signature="(Microsoft.EntityFrameworkCore.Metadata.Builders.EntityTypeBuilder`1&lt;AmazingShop.Product.Domain.Entity.Resource&gt;)" line-rate="1" branch-rate="1">
              <lines>
                <line number="10" hits="1" branch="False" />
                <line number="12" hits="1" branch="False" />
                <line number="13" hits="1" branch="False" />
              </lines>
            </method>
          </methods>
          <lines>
            <line number="10" hits="1" branch="False" />
            <line number="12" hits="1" branch="False" />
            <line number="13" hits="1" branch="False" />
          </lines>
        </class>
      </classes>
    </package>
    <package name="AmazingShop.Shared.Core" line-rate="0.5172" branch-rate="0" complexity="13">
      <classes>
        <class name="AmazingShop.Shared.Core.Model.PagedList`1" filename="shared\AmazingShop.Shared.Core\PagedList.cs" line-rate="0.619" branch-rate="0" complexity="5">
          <methods>
            <method name="get_Paging" signature="()" line-rate="1" branch-rate="1">
              <lines>
                <line number="8" hits="6" branch="False" />
              </lines>
            </method>
            <method name="get_Data" signature="()" line-rate="1" branch-rate="1">
              <lines>
                <line number="9" hits="6" branch="False" />
              </lines>
            </method>
            <method name="Clone" signature="()" line-rate="0" branch-rate="0">
              <lines>
                <line number="11" hits="0" branch="False" />
                <line number="12" hits="0" branch="False" />
                <line number="13" hits="0" branch="True" condition-coverage="0% (0/2)">
                  <conditions>
                    <condition number="24" type="jump" coverage="0%" />
                  </conditions>
                </line>
                <line number="14" hits="0" branch="False" />
                <line number="15" hits="0" branch="False" />
                <line number="16" hits="0" branch="False" />
                <line number="17" hits="0" branch="False" />
                <line number="18" hits="0" branch="False" />
              </lines>
            </method>
            <method name="Create" signature="(System.Collections.Generic.IEnumerable`1&lt;T&gt;)" line-rate="1" branch-rate="1">
              <lines>
                <line number="20" hits="2" branch="False" />
                <line number="21" hits="2" branch="False" />
                <line number="22" hits="2" branch="False" />
                <line number="23" hits="2" branch="False" />
                <line number="24" hits="2" branch="False" />
                <line number="25" hits="2" branch="False" />
                <line number="26" hits="2" branch="False" />
                <line number="27" hits="2" branch="False" />
                <line number="28" hits="2" branch="False" />
                <line number="29" hits="2" branch="False" />
                <line number="30" hits="2" branch="False" />
              </lines>
            </method>
          </methods>
          <lines>
            <line number="8" hits="6" branch="False" />
            <line number="9" hits="6" branch="False" />
            <line number="11" hits="0" branch="False" />
            <line number="12" hits="0" branch="False" />
            <line number="13" hits="0" branch="True" condition-coverage="0% (0/2)">
              <conditions>
                <condition number="24" type="jump" coverage="0%" />
              </conditions>
            </line>
            <line number="14" hits="0" branch="False" />
            <line number="15" hits="0" branch="False" />
            <line number="16" hits="0" branch="False" />
            <line number="17" hits="0" branch="False" />
            <line number="18" hits="0" branch="False" />
            <line number="20" hits="2" branch="False" />
            <line number="21" hits="2" branch="False" />
            <line number="22" hits="2" branch="False" />
            <line number="23" hits="2" branch="False" />
            <line number="24" hits="2" branch="False" />
            <line number="25" hits="2" branch="False" />
            <line number="26" hits="2" branch="False" />
            <line number="27" hits="2" branch="False" />
            <line number="28" hits="2" branch="False" />
            <line number="29" hits="2" branch="False" />
            <line number="30" hits="2" branch="False" />
          </lines>
        </class>
        <class name="AmazingShop.Shared.Core.Model.Paging" filename="shared\AmazingShop.Shared.Core\PagedList.cs" line-rate="0.25" branch-rate="1" complexity="8">
          <methods>
            <method name="get_PageIndex" signature="()" line-rate="0" branch-rate="1">
              <lines>
                <line number="35" hits="0" branch="False" />
              </lines>
            </method>
            <method name="get_PageSize" signature="()" line-rate="0" branch-rate="1">
              <lines>
                <line number="36" hits="0" branch="False" />
              </lines>
            </method>
            <method name="get_TotalItemsCount" signature="()" line-rate="1" branch-rate="1">
              <lines>
                <line number="37" hits="8" branch="False" />
              </lines>
            </method>
            <method name="get_TotalPages" signature="()" line-rate="1" branch-rate="1">
              <lines>
                <line number="38" hits="8" branch="False" />
              </lines>
            </method>
            <method name="get_TotalDuration" signature="()" line-rate="0" branch-rate="1">
              <lines>
                <line number="39" hits="0" branch="False" />
              </lines>
            </method>
            <method name="get_QueryDuration" signature="()" line-rate="0" branch-rate="1">
              <lines>
                <line number="40" hits="0" branch="False" />
              </lines>
            </method>
            <method name="get_CountDuration" signature="()" line-rate="0" branch-rate="1">
              <lines>
                <line number="41" hits="0" branch="False" />
              </lines>
            </method>
            <method name="get_BuildingQueryDuration" signature="()" line-rate="0" branch-rate="1">
              <lines>
                <line number="42" hits="0" branch="False" />
              </lines>
            </method>
          </methods>
          <lines>
            <line number="35" hits="0" branch="False" />
            <line number="36" hits="0" branch="False" />
            <line number="37" hits="8" branch="False" />
            <line number="38" hits="8" branch="False" />
            <line number="39" hits="0" branch="False" />
            <line number="40" hits="0" branch="False" />
            <line number="41" hits="0" branch="False" />
            <line number="42" hits="0" branch="False" />
          </lines>
        </class>
      </classes>
    </package>
    <package name="AmazingShop.Shared.Entity" line-rate="1" branch-rate="1" complexity="0">
      <classes />
    </package>
  </packages>
</coverage>